[debug] [2024-02-22T14:09:21.792Z] ----------------------------------------------------------------------
[debug] [2024-02-22T14:09:21.794Z] Command:       C:\Program Files\nodejs\node.exe C:\Users\08584577505\AppData\Roaming\npm\node_modules\firebase-tools\lib\bin\firebase.js init
[debug] [2024-02-22T14:09:21.794Z] CLI Version:   13.3.1
[debug] [2024-02-22T14:09:21.795Z] Platform:      win32
[debug] [2024-02-22T14:09:21.795Z] Node Version:  v20.11.0
[debug] [2024-02-22T14:09:21.795Z] Time:          Thu Feb 22 2024 11:09:21 GMT-0300 (Horário Padrão de Brasília)
[debug] [2024-02-22T14:09:21.795Z] ----------------------------------------------------------------------
[debug] 
[debug] [2024-02-22T14:09:21.798Z] > command requires scopes: ["email","openid","https://www.googleapis.com/auth/cloudplatformprojects.readonly","https://www.googleapis.com/auth/firebase","https://www.googleapis.com/auth/cloud-platform"]
[debug] [2024-02-22T14:09:21.799Z] > authorizing via signed-in user (cauaclementelima@gmail.com)
[info] 
     ######## #### ########  ######## ########     ###     ######  ########
     ##        ##  ##     ## ##       ##     ##  ##   ##  ##       ##
     ######    ##  ########  ######   ########  #########  ######  ######
     ##        ##  ##    ##  ##       ##     ## ##     ##       ## ##
     ##       #### ##     ## ######## ########  ##     ##  ######  ########

You're about to initialize a Firebase project in this directory:

  C:\Users\08584577505\Desktop\Nova pasta\FrontEndRepository\Sala\atendimentosPets\src

[info] 
=== Project Setup
[info] 
[info] First, let's associate this project directory with a Firebase project.
[info] You can create multiple project aliases by running firebase use --add, 
[info] but for now we'll just set up a default project.
[info] 
[debug] [2024-02-22T14:10:20.323Z] ----------------------------------------------------------------------
[debug] [2024-02-22T14:10:20.325Z] Command:       C:\Program Files\nodejs\node.exe C:\Users\08584577505\AppData\Roaming\npm\node_modules\firebase-tools\lib\bin\firebase.js init
[debug] [2024-02-22T14:10:20.325Z] CLI Version:   13.3.1
[debug] [2024-02-22T14:10:20.325Z] Platform:      win32
[debug] [2024-02-22T14:10:20.326Z] Node Version:  v20.11.0
[debug] [2024-02-22T14:10:20.326Z] Time:          Thu Feb 22 2024 11:10:20 GMT-0300 (Horário Padrão de Brasília)
[debug] [2024-02-22T14:10:20.326Z] ----------------------------------------------------------------------
[debug] 
[debug] [2024-02-22T14:10:20.329Z] > command requires scopes: ["email","openid","https://www.googleapis.com/auth/cloudplatformprojects.readonly","https://www.googleapis.com/auth/firebase","https://www.googleapis.com/auth/cloud-platform"]
[debug] [2024-02-22T14:10:20.329Z] > authorizing via signed-in user (cauaclementelima@gmail.com)
[info] 
     ######## #### ########  ######## ########     ###     ######  ########
     ##        ##  ##     ## ##       ##     ##  ##   ##  ##       ##
     ######    ##  ########  ######   ########  #########  ######  ######
     ##        ##  ##    ##  ##       ##     ## ##     ##       ## ##
     ##       #### ##     ## ######## ########  ##     ##  ######  ########

You're about to initialize a Firebase project in this directory:

  C:\Users\08584577505\Desktop\Nova pasta\FrontEndRepository\Sala\atendimentosPets\src

[info] 
=== Project Setup
[info] 
[info] First, let's associate this project directory with a Firebase project.
[info] You can create multiple project aliases by running firebase use --add, 
[info] but for now we'll just set up a default project.
[info] 
[debug] [2024-02-22T14:11:04.917Z] >>> [apiv2][query] GET https://firebase.googleapis.com/v1beta1/projects pageSize=100
[debug] [2024-02-22T14:11:05.574Z] <<< [apiv2][status] GET https://firebase.googleapis.com/v1beta1/projects 200
[debug] [2024-02-22T14:11:05.574Z] <<< [apiv2][body] GET https://firebase.googleapis.com/v1beta1/projects [omitted]
